<?xml version="1.0" encoding="UTF-8"?>
<!-- Generated by org.testng.reporters.JUnitReportReporter -->
<testsuite skipped="1" hostname="IN-SinghPre-1" name="poc.com.testcases.POCTest" tests="2" failures="0" timestamp="2020-04-20T15:49:44 IST" time="7.028" errors="0">
  <testcase name="sumTest" time="7.028" classname="poc.com.testcases.POCTest"/>
  <system-out/>
  <testcase name="validateTitle" classname="poc.com.testcases.POCTest">
    <skipped/>
  </testcase> <!-- validateTitle -->
  <system-out/>
</testsuite> <!-- poc.com.testcases.POCTest -->
