<?xml version="1.0" encoding="UTF-8"?>
<!-- Generated by org.testng.reporters.JUnitReportReporter -->
<testsuite skipped="1" hostname="IN-SinghPre-1" name="poc.com.testcases.POCTestForAngular" tests="2" failures="0" timestamp="2020-04-25T21:17:57 IST" time="9.287" errors="0">
  <testcase name="sumTest" time="9.287" classname="poc.com.testcases.POCTestForAngular"/>
  <system-out/>
  <testcase name="validateTitle" classname="poc.com.testcases.POCTestForAngular">
    <skipped/>
  </testcase> <!-- validateTitle -->
  <system-out/>
</testsuite> <!-- poc.com.testcases.POCTestForAngular -->
