<?xml version="1.0" encoding="UTF-8"?>
<!-- Generated by org.testng.reporters.JUnitReportReporter -->
<testsuite skipped="1" hostname="IN-SinghPre-1" name="poc.com.testcases.MultipleDataSet" tests="9" failures="0" timestamp="28 May 2020 04:27:05 GMT" time="74.462" errors="0">
  <testcase name="calculator" time="7.819" classname="poc.com.testcases.MultipleDataSet"/>
  <testcase name="calculator" time="3.560" classname="poc.com.testcases.MultipleDataSet"/>
  <testcase name="calculator" time="3.315" classname="poc.com.testcases.MultipleDataSet"/>
  <testcase name="calculator" time="26.978" classname="poc.com.testcases.MultipleDataSet"/>
  <testcase name="calculator" time="14.297" classname="poc.com.testcases.MultipleDataSet"/>
  <testcase name="calculator" time="7.590" classname="poc.com.testcases.MultipleDataSet"/>
  <testcase name="calculator" time="7.529" classname="poc.com.testcases.MultipleDataSet"/>
  <testcase name="calculator" time="3.374" classname="poc.com.testcases.MultipleDataSet"/>
  <testcase name="calculatorMinus" classname="poc.com.testcases.MultipleDataSet">
    <skipped/>
  </testcase> <!-- calculatorMinus -->
</testsuite> <!-- poc.com.testcases.MultipleDataSet -->
