<?xml version="1.0" encoding="UTF-8"?>
<!-- Generated by org.testng.reporters.JUnitReportReporter -->
<testsuite skipped="0" hostname="IN-SinghPre-1" name="Concept.DataProviderTest" tests="2" failures="0" timestamp="22 May 2020 13:43:00 GMT" time="0.017" errors="0">
  <testcase name="getDataProviderData" time="0.012" classname="Concept.DataProviderTest"/>
  <testcase name="getDataProviderData" time="0.005" classname="Concept.DataProviderTest"/>
</testsuite> <!-- Concept.DataProviderTest -->
