<?xml version="1.0" encoding="UTF-8"?>
<!-- Generated by org.testng.reporters.JUnitReportReporter -->
<testsuite skipped="1" hostname="IN-SinghPre-1" name="poc.com.testcases.POCTest" tests="2" failures="0" timestamp="19 May 2020 14:44:21 GMT" time="6.631" errors="0">
  <testcase name="sumTest" time="6.631" classname="poc.com.testcases.POCTest"/>
  <testcase name="validateTitle" classname="poc.com.testcases.POCTest">
    <skipped/>
  </testcase> <!-- validateTitle -->
</testsuite> <!-- poc.com.testcases.POCTest -->
