<?xml version="1.0" encoding="UTF-8"?>
<!-- Generated by org.testng.reporters.JUnitReportReporter -->
<testsuite skipped="1" hostname="IN-SinghPre-1" name="poc.com.testcases.MultipleDataSet" tests="9" failures="0" timestamp="22 May 2020 11:01:33 GMT" time="44.995" errors="0">
  <testcase name="calculator" time="3.508" classname="poc.com.testcases.MultipleDataSet"/>
  <testcase name="calculator" time="3.316" classname="poc.com.testcases.MultipleDataSet"/>
  <testcase name="calculator" time="3.770" classname="poc.com.testcases.MultipleDataSet"/>
  <testcase name="calculator" time="10.671" classname="poc.com.testcases.MultipleDataSet"/>
  <testcase name="calculator" time="12.970" classname="poc.com.testcases.MultipleDataSet"/>
  <testcase name="calculator" time="3.409" classname="poc.com.testcases.MultipleDataSet"/>
  <testcase name="calculator" time="3.627" classname="poc.com.testcases.MultipleDataSet"/>
  <testcase name="calculator" time="3.724" classname="poc.com.testcases.MultipleDataSet"/>
  <testcase name="calculatorMinus" classname="poc.com.testcases.MultipleDataSet">
    <skipped/>
  </testcase> <!-- calculatorMinus -->
</testsuite> <!-- poc.com.testcases.MultipleDataSet -->
