<?xml version="1.0" encoding="UTF-8"?>
<!-- Generated by org.testng.reporters.JUnitReportReporter -->
<testsuite skipped="0" hostname="IN-SinghPre-1" name="Concept.DataProviderTest" tests="2" failures="0" timestamp="27 May 2020 05:36:11 GMT" time="0.016" errors="0">
  <testcase name="getDataProviderData" time="0.014" classname="Concept.DataProviderTest"/>
  <testcase name="getDataProviderData" time="0.002" classname="Concept.DataProviderTest"/>
</testsuite> <!-- Concept.DataProviderTest -->
